custom_peripherals/my_sigmadelta.vhd
dualport_ram.vhd
fifo.vhd
jtag_chain.vhd
mult.vhd
pad.vhd
prescaler.vhd
pulse.vhd
shifter.vhd
spiclkgen.vhd
spi.vhd
timer.vhd
tx_unit.vhd
uart_brgen.vhd
wbarb2_1.vhd
wbmux2.vhd
wb_rom_ram.vhd
wishbonepkg.vhd
zpu_core_extreme.vhd
zpuino_adc.vhd
zpuino_crc16.vhd
zpuino_debug_core.vhd
zpuino_debug_jtag.vhd
zpuino_debug_spartan3e.vhd
zpuino_empty_device.vhd
zpuino_gpio.vhd
zpuino_intr.vhd
zpuino_io.vhd
zpuinopkg.vhd
zpuino_serialreset.vhd
zpuino_sigmadelta.vhd
zpuino_spi.vhd
zpuino_timers.vhd
zpuino_top.vhd
zpuino_uart_mv_filter.vhd
zpuino_uart_rx.vhd
zpuino_uart.vhd
zpupkg.vhd
